java.io.IOException: Cannot run program "C:\Users\carlos\AppData\Local\Coursier\cache\arc\https\github.com\adoptium\temurin11-binaries\releases\download\jdk-11.0.24%252B8\OpenJDK11U-jdk_x64_windows_hotspot_11.0.24_8.zip\jdk-11.0.24+8\bin\java.exe" (in directory "C:\0_OutTime\3_Nim\triangle"): CreateProcess error=2, O sistema não pode encontrar o arquivo especificado
  java.base@17.0.6/java.lang.ProcessBuilder.start(ProcessBuilder.java:1143)
  java.base@17.0.6/java.lang.ProcessBuilder.start(ProcessBuilder.java:1073)
  os.proc.proc$lzyINIT1$1(ProcessOps.scala:138)
  os.proc.proc$1(ProcessOps.scala:142)
  os.proc.spawn(ProcessOps.scala:144)
  os.proc.call(ProcessOps.scala:87)
  scala.build.internal.OsLibc$.javaVersion(OsLibc.scala:80)
  scala.build.internal.OsLibc$.javaHomeVersion(OsLibc.scala:95)
  scala.cli.commands.shared.SharedOptions.$anonfun$39$$anonfun$1(SharedOptions.scala:569)
  scala.Option.map(Option.scala:242)
  scala.cli.commands.shared.SharedOptions.$anonfun$39(SharedOptions.scala:573)
  scala.Option.orElse(Option.scala:477)
  scala.cli.commands.shared.SharedOptions.bloopRifleConfig$$anonfun$1(SharedOptions.scala:574)
  scala.build.EitherCps$Helper.apply(EitherCps.scala:19)
  scala.cli.commands.shared.SharedOptions.bloopRifleConfig(SharedOptions.scala:584)
  scala.cli.commands.bsp.Bsp$.runCommand(Bsp.scala:145)
  scala.cli.commands.bsp.Bsp$.runCommand(Bsp.scala:76)
  scala.cli.commands.ScalaCommand.run(ScalaCommand.scala:388)
  scala.cli.commands.ScalaCommand.run(ScalaCommand.scala:369)
  caseapp.core.app.CaseApp.main(CaseApp.scala:157)
  scala.cli.commands.ScalaCommand.main(ScalaCommand.scala:354)
  caseapp.core.app.CommandsEntryPoint.main(CommandsEntryPoint.scala:169)
  scala.cli.ScalaCliCommands.main(ScalaCliCommands.scala:125)
  scala.cli.ScalaCli$.main0(ScalaCli.scala:295)
  scala.cli.ScalaCli$.main(ScalaCli.scala:119)
  scala.cli.ScalaCli.main(ScalaCli.scala)
java.io.IOException: CreateProcess error=2, O sistema não pode encontrar o arquivo especificado
  com.oracle.svm.core.jni.functions.JNIFunctions$NewObjectWithObjectArrayArgFunctionPointer.invoke(JNIFunctions.java)
  com.oracle.svm.core.jni.functions.JNIFunctions.ThrowNew(JNIFunctions.java:882)
  java.base@17.0.6/java.lang.ProcessImpl.create(ProcessImpl.java)
  java.base@17.0.6/java.lang.ProcessImpl.<init>(ProcessImpl.java:499)
  java.base@17.0.6/java.lang.ProcessImpl.start(ProcessImpl.java:158)
  java.base@17.0.6/java.lang.ProcessBuilder.start(ProcessBuilder.java:1110)
  java.base@17.0.6/java.lang.ProcessBuilder.start(ProcessBuilder.java:1073)
  os.proc.proc$lzyINIT1$1(ProcessOps.scala:138)
  os.proc.proc$1(ProcessOps.scala:142)
  os.proc.spawn(ProcessOps.scala:144)
  os.proc.call(ProcessOps.scala:87)
  scala.build.internal.OsLibc$.javaVersion(OsLibc.scala:80)
  scala.build.internal.OsLibc$.javaHomeVersion(OsLibc.scala:95)
  scala.cli.commands.shared.SharedOptions.$anonfun$39$$anonfun$1(SharedOptions.scala:569)
  scala.Option.map(Option.scala:242)
  scala.cli.commands.shared.SharedOptions.$anonfun$39(SharedOptions.scala:573)
  scala.Option.orElse(Option.scala:477)
  scala.cli.commands.shared.SharedOptions.bloopRifleConfig$$anonfun$1(SharedOptions.scala:574)
  scala.build.EitherCps$Helper.apply(EitherCps.scala:19)
  scala.cli.commands.shared.SharedOptions.bloopRifleConfig(SharedOptions.scala:584)
  scala.cli.commands.bsp.Bsp$.runCommand(Bsp.scala:145)
  scala.cli.commands.bsp.Bsp$.runCommand(Bsp.scala:76)
  scala.cli.commands.ScalaCommand.run(ScalaCommand.scala:388)
  scala.cli.commands.ScalaCommand.run(ScalaCommand.scala:369)
  caseapp.core.app.CaseApp.main(CaseApp.scala:157)
  scala.cli.commands.ScalaCommand.main(ScalaCommand.scala:354)
  caseapp.core.app.CommandsEntryPoint.main(CommandsEntryPoint.scala:169)
  scala.cli.ScalaCliCommands.main(ScalaCliCommands.scala:125)
  scala.cli.ScalaCli$.main0(ScalaCli.scala:295)
  scala.cli.ScalaCli$.main(ScalaCli.scala:119)
  scala.cli.ScalaCli.main(ScalaCli.scala)
